total 89
drwxr-xr-x   2 root root  4096 Aug 14 12:12 bin
drwxr-xr-x   4 root root  1024 Aug 14 12:01 boot
drwxr-xr-x  14 root root  3200 Aug 14 12:09 dev
drwxr-xr-x 111 root root 12288 Jan  9 12:21 etc
drwxr-xr-x   8 root root  4096 Aug 14 12:09 home
lrwxrwxrwx   1 root root    32 Aug  7  2013 initrd.img -> /boot/initrd.img-3.2.0-4-686-pae
drwxr-xr-x  13 root root  4096 Aug 14 12:04 lib
drwx------   2 root root 16384 Aug  7  2013 lost+found
drwxr-xr-x   4 root root  4096 Aug  7  2013 media
drwxr-xr-x   3 root root  4096 Aug 14 12:09 mnt
drwxr-xr-x   2 root root  4096 Aug  7  2013 opt
dr-xr-xr-x 207 root root     0 Aug 14 12:02 proc
drwx------   4 root root  4096 Nov 10 16:53 root
drwxr-xr-x  20 root root   960 Jan 11 14:23 run
drwxr-xr-x   2 root root 12288 Aug 14 12:12 sbin
drwxr-xr-x   2 root root  4096 Jun 10  2012 selinux
drwxr-xr-x   3 root root  4096 Aug 14 12:09 srv
drwxr-xr-x  13 root root     0 Aug 14 12:02 sys
drwxrwxrwt  17 root root  4096 Jan 11 14:25 tmp
drwxr-xr-x  10 root root  4096 Aug  7  2013 usr
drwxr-xr-x  14 root root  4096 Aug 14 12:04 var
lrwxrwxrwx   1 root root    28 Aug  7  2013 vmlinuz -> boot/vmlinuz-3.2.0-4-686-pae
