total 134
drwxr-xr-x 401 root root 18432 Jan  1  1970 afs
drwxr-xr-x   2 root root 12288 Jan  5 18:56 bin
drwxr-xr-x   3 root root  4096 Jan  5 19:06 boot
drwxr-xr-x   2 root root  4096 Feb  6  2014 cdrom
drwxr-xr-x  21 root root  4600 Jan 12 18:36 dev
drwxr-xr-x 173 root root 12288 Jan  9 17:43 etc
drwxr-xr-x   5 root root  4096 Sep 14 20:29 home
lrwxrwxrwx   1 root root    32 Jan  5 18:58 initrd.img -> boot/initrd.img-4.2.0-22-generic
lrwxrwxrwx   1 root root    32 Nov 28 14:54 initrd.img.old -> boot/initrd.img-4.2.0-18-generic
drwxr-xr-x  27 root root  4096 Dec 28 14:44 lib
drwxr-xr-x   2 root root 12288 Nov 28 14:44 lib32
drwxr-xr-x   2 root root  4096 Apr 24  2015 lib64
drwx------   2 root root 16384 Feb  6  2014 lost+found
drwxr-xr-x   7 root root  4096 Dec 18 22:14 media
drwxr-xr-x   3 root root  4096 Jan 30  2015 mnt
drwxr-xr-x  11 root root  4096 Dec 28 15:05 opt
dr-xr-xr-x 270 root root     0 Jan 12 18:35 proc
drwx------  15 root root  4096 Dec 28 14:48 root
drwxr-xr-x  27 root root   860 Jan 12 18:53 run
drwxr-xr-x   2 root root 12288 Nov 28 15:32 sbin
drwxr-xr-x   2 root root  4096 Apr 24  2013 srv
dr-xr-xr-x  13 root root     0 Jan 12 19:06 sys
drwxrwxrwt  15 root root  4096 Jan 12 19:28 tmp
drwxr-xr-x  13 root root  4096 Nov 28 14:43 usr
drwxr-xr-x  14 root root  4096 Feb 10  2015 var
lrwxrwxrwx   1 root root    29 Jan  5 18:58 vmlinuz -> boot/vmlinuz-4.2.0-22-generic
lrwxrwxrwx   1 root root    29 Nov 28 14:54 vmlinuz.old -> boot/vmlinuz-4.2.0-18-generic
